[debug] [2022-04-18T20:32:27.625Z] ----------------------------------------------------------------------
[debug] [2022-04-18T20:32:27.651Z] Command:       C:\Program Files\nodejs\node.exe C:\Users\25677\AppData\Roaming\npm\node_modules\firebase-tools\lib\bin\firebase.js deploy --only hosting
[debug] [2022-04-18T20:32:27.652Z] CLI Version:   10.2.2
[debug] [2022-04-18T20:32:27.652Z] Platform:      win32
[debug] [2022-04-18T20:32:27.652Z] Node Version:  v16.13.2
[debug] [2022-04-18T20:32:28.140Z] Time:          Mon Apr 18 2022 23:32:27 GMT+0300 (East Africa Time)
[debug] [2022-04-18T20:32:28.140Z] ----------------------------------------------------------------------
[debug] 
[debug] [2022-04-18T20:32:28.275Z] >>> [apiv2][query] GET https://firebase-public.firebaseio.com/cli.json [none]
[debug] [2022-04-18T20:32:29.388Z] > command requires scopes: ["email","openid","https://www.googleapis.com/auth/cloudplatformprojects.readonly","https://www.googleapis.com/auth/firebase","https://www.googleapis.com/auth/cloud-platform"]
[debug] [2022-04-18T20:32:29.389Z] > authorizing via signed-in user (kimeramoses001@gmail.com)
[debug] [2022-04-18T20:32:29.389Z] [iam] checking project headcount-system for permissions ["firebase.projects.get","firebasehosting.sites.update"]
[debug] [2022-04-18T20:32:29.391Z] > refreshing access token with scopes: []
[debug] [2022-04-18T20:32:29.393Z] >>> HTTP REQUEST POST https://www.googleapis.com/oauth2/v3/token  
 <request body omitted>
[debug] [2022-04-18T20:32:30.529Z] <<< HTTP RESPONSE 200 {"expires":"Mon, 01 Jan 1990 00:00:00 GMT","cache-control":"no-cache, no-store, max-age=0, must-revalidate","date":"Mon, 18 Apr 2022 20:32:30 GMT","pragma":"no-cache","content-type":"application/json; charset=utf-8","vary":"X-Origin, Referer, Origin,Accept-Encoding","server":"scaffolding on HTTPServer2","x-xss-protection":"0","x-frame-options":"SAMEORIGIN","x-content-type-options":"nosniff","alt-svc":"h3=\":443\"; ma=2592000,h3-29=\":443\"; ma=2592000,h3-Q050=\":443\"; ma=2592000,h3-Q046=\":443\"; ma=2592000,h3-Q043=\":443\"; ma=2592000,quic=\":443\"; ma=2592000; v=\"46,43\"","accept-ranges":"none","transfer-encoding":"chunked"}
[debug] [2022-04-18T20:32:30.779Z] >>> [apiv2][query] POST https://cloudresourcemanager.googleapis.com/v1/projects/headcount-system:testIamPermissions [none]
[debug] [2022-04-18T20:32:30.781Z] >>> [apiv2][body] POST https://cloudresourcemanager.googleapis.com/v1/projects/headcount-system:testIamPermissions {"permissions":["firebase.projects.get","firebasehosting.sites.update"]}
[debug] [2022-04-18T20:32:31.299Z] <<< [apiv2][status] GET https://firebase-public.firebaseio.com/cli.json 200
[debug] [2022-04-18T20:32:31.299Z] <<< [apiv2][body] GET https://firebase-public.firebaseio.com/cli.json {"cloudBuildErrorAfter":1594252800000,"cloudBuildWarnAfter":1590019200000,"defaultNode10After":1594252800000,"minVersion":"3.0.5","node8DeploysDisabledAfter":1613390400000,"node8RuntimeDisabledAfter":1615809600000,"node8WarnAfter":1600128000000}
[debug] [2022-04-18T20:32:33.664Z] <<< [apiv2][status] POST https://cloudresourcemanager.googleapis.com/v1/projects/headcount-system:testIamPermissions 200
[debug] [2022-04-18T20:32:33.665Z] <<< [apiv2][body] POST https://cloudresourcemanager.googleapis.com/v1/projects/headcount-system:testIamPermissions {"permissions":["firebase.projects.get","firebasehosting.sites.update"]}
[debug] [2022-04-18T20:32:33.672Z] >>> [apiv2][query] GET https://firebase.googleapis.com/v1beta1/projects/headcount-system [none]
[debug] [2022-04-18T20:32:34.802Z] <<< [apiv2][status] GET https://firebase.googleapis.com/v1beta1/projects/headcount-system 200
[debug] [2022-04-18T20:32:34.803Z] <<< [apiv2][body] GET https://firebase.googleapis.com/v1beta1/projects/headcount-system {"projectId":"headcount-system","projectNumber":"753203311160","displayName":"Headcount System","name":"projects/headcount-system","resources":{"hostingSite":"headcount-system"},"state":"ACTIVE"}
[info] 
[info] === Deploying to 'headcount-system'...
[info] 
[info] i  deploying hosting 
[debug] [2022-04-18T20:32:34.818Z] >>> [apiv2][query] GET https://firebase.googleapis.com/v1beta1/projects/headcount-system [none]
[debug] [2022-04-18T20:32:37.015Z] <<< [apiv2][status] GET https://firebase.googleapis.com/v1beta1/projects/headcount-system 200
[debug] [2022-04-18T20:32:37.015Z] <<< [apiv2][body] GET https://firebase.googleapis.com/v1beta1/projects/headcount-system {"projectId":"headcount-system","projectNumber":"753203311160","displayName":"Headcount System","name":"projects/headcount-system","resources":{"hostingSite":"headcount-system"},"state":"ACTIVE"}
[debug] [2022-04-18T20:32:37.018Z] >>> [apiv2][query] POST https://firebasehosting.googleapis.com/v1beta1/projects/753203311160/sites/headcount-system/versions [none]
[debug] [2022-04-18T20:32:37.019Z] >>> [apiv2][body] POST https://firebasehosting.googleapis.com/v1beta1/projects/753203311160/sites/headcount-system/versions {"config":{},"labels":{"deployment-tool":"cli-firebase"}}
[debug] [2022-04-18T20:32:43.115Z] <<< [apiv2][status] POST https://firebasehosting.googleapis.com/v1beta1/projects/753203311160/sites/headcount-system/versions 200
[debug] [2022-04-18T20:32:43.116Z] <<< [apiv2][body] POST https://firebasehosting.googleapis.com/v1beta1/projects/753203311160/sites/headcount-system/versions {"name":"projects/753203311160/sites/headcount-system/versions/4c24fcc0fcf8815a","status":"CREATED","config":{},"labels":{"deployment-tool":"cli-firebase"}}
[info] i  hosting[headcount-system]: beginning deploy... 
[info] i  hosting[headcount-system]: found 40 files in build 
[debug] [2022-04-18T20:32:45.449Z] [hosting] hash cache [YnVpbGQ] stored for 40 files
[debug] [2022-04-18T20:32:45.450Z] [hosting][hash queue][FINAL] {"max":2056,"min":14,"avg":633.85,"active":0,"complete":40,"success":40,"errored":0,"retried":0,"total":40,"elapsed":2164}
[debug] [2022-04-18T20:32:45.450Z] >>> [apiv2][query] POST https://firebasehosting.googleapis.com/v1beta1/projects/753203311160/sites/headcount-system/versions/4c24fcc0fcf8815a:populateFiles [none]
[debug] [2022-04-18T20:32:45.451Z] >>> [apiv2][body] POST https://firebasehosting.googleapis.com/v1beta1/projects/753203311160/sites/headcount-system/versions/4c24fcc0fcf8815a:populateFiles {"files":{"/favicon.ico":"2dd87c0f4c2a561bf1205f56a0dc844876024bae9cb8b85ce2f1b1f7d3dd85cb","/logo192.png":"5173d27597b2a8946f2adafc22cf0edf0a732134639d1c330fb524c3c8367e55","/logo512.png":"5173d27597b2a8946f2adafc22cf0edf0a732134639d1c330fb524c3c8367e55","/manifest.json":"5c997de1364b8be939319fa9209abd77f2caf7f8844999a9e2e9173f844e7840","/robots.txt":"b2090cf9761ef60aa06e4fab97679bd43dfa5e5df073701ead5879d7c68f1ec5","/img/barcode.png":"c49c6efbfa3563cb59f1cae4871ad3923101a38aa9802a5395266a5901855f34","/img/logo-blue.png":"c0993369987df69480d237441f7c39da4e750c88d801be55a7c1561603e21fba","/img/logo.png":"5173d27597b2a8946f2adafc22cf0edf0a732134639d1c330fb524c3c8367e55","/index.html":"faae7f7e4c106c3175904a8a88fa129b30b0b8d71a4d0bd01477ef34bc538ed2","/static/css/531.1edf2fab.chunk.css":"e4f82c103631f8cb3367c13740859a24ce1595cdecc7cb15451c23468beb79e1","/static/css/531.1edf2fab.chunk.css.map":"82b5146853684ea0f76bd1d9890b79351358f94bd0a96b0426d5e80c43384dff","/static/css/659.1c9892d4.chunk.css":"408de5d5f1ce0f18a4f89f1696f36982a44054a2d4dadf99ee0a7c161e9811dc","/static/css/527.c0955e00.chunk.css":"f5d29f765ccd9f18411ff5f7cd87354fde39a9df80ef5968511e5b84d52e763e","/asset-manifest.json":"105cdf64bbf936d56b91cdb270fdd678a163dd9b7506bc98b257edad7aea1b74","/static/css/886.48feb4fc.chunk.css.map":"9fea48740005c4062d70304de84b38affcf29a9e7dc727a1e3c1bf7400f64bce","/static/css/899.fd48f800.chunk.css":"840622d5bfb010455e072e128c02b48e9a26bdeabfae7e7e4177f9680a03b2a7","/static/css/527.c0955e00.chunk.css.map":"ce29f37698c5f187dd087ac69bed80a82bbf9bebf3083ba865c495987be87bfb","/static/css/659.1c9892d4.chunk.css.map":"6948ea6fc581c62e3d97d2fd7a638c7a70713bb13fd7f6b71e6c83fe65dd4e81","/static/js/208.b554eec0.chunk.js.LICENSE.txt":"552e91d994bf311627b7d7d96cdf1b4bc10a0c11dc209be19fbe6a919b427908","/static/css/886.48feb4fc.chunk.css":"68b7a36d09d20562f7278823784a3ff7dfbc3bdac5fb5ebd615a9495f98c4335","/static/css/899.fd48f800.chunk.css.map":"a5c561d5dffdbd324b8a9bbba993fb0f1e4f6280d4ac5ff8051557251ab7f855","/static/js/527.482d1374.chunk.js":"5ac185f2e936a2181b73747d23b23479729394c0fe438b6c74476ce606c6fbfe","/static/js/527.482d1374.chunk.js.map":"4b30c915d833a62134c77874e236efb4b920f567bbf213bfb61199d2acfa8e92","/static/js/659.b77eda73.chunk.js.map":"476f55de90e47148559e9ec3d7db2bb8791d51922df86581931ec3fca955f0f7","/static/js/531.c7e23a54.chunk.js.map":"c5c7176e5486c54cd27da4ad80b0f456830670c6351f3eea9505ba3cec82d888","/static/js/531.c7e23a54.chunk.js":"d9dc8c9b25424cb9e55ee35033a71e363c927f06891963ae3c7b1a7b60b72a80","/static/js/886.a324f84e.chunk.js":"9e8845ebfa5caef20e1e39520fd2a5efa723ff9983d48b0b481e9565ac8a0079","/static/js/899.71c5a181.chunk.js":"b5767638a55a42a94a374f77af84fbfae3bd3d3ca2f3d15c61ce8bb72fcad1a2","/static/js/886.a324f84e.chunk.js.map":"8ad91079c416d02ff0cc2f2969fb6f3928a44b5ad021efecdbeb0899a8094cef","/static/js/659.b77eda73.chunk.js":"65179e4443ce6ca7f036cf10959231ffee53acf46e0726ec808e7a743c54d2ea","/static/js/main.ac3ff0cc.js.LICENSE.txt":"beebfb42e505af935435f03e9b60b8226c3cae51f3cbe287f184e83f6922d130","/static/js/899.71c5a181.chunk.js.map":"897027d6392e67f20cc023c39452d1054b7694b1def799ceb3e2658afb7baa6a","/static/js/509.f756f3aa.chunk.js":"f3f3ecd83db6b13bda049a7391dd6abf489acd49ad1b7e586b287a36402398a1","/static/js/509.f756f3aa.chunk.js.map":"164608f05c498a8f9c1c119805e61e243a4319976fd8c2be68a65917b64b20c6","/static/js/208.b554eec0.chunk.js":"01b293dc7bd03ce39a53353b30dbb9c879a9662d1af796115592ec96bd4044db","/static/css/main.131a4a2a.css":"247ec0220a8cb3a00545b4ec763f9879e823ca46ad8577c6a79001c8f7f818f8","/static/js/main.ac3ff0cc.js":"e6ac85133989e4f94e2377a0c3aa492402b21b5657c4eafa056ee58ee03f39d4","/static/js/208.b554eec0.chunk.js.map":"a1bafa04122bf344285f1c62dcd07fa013d14fc8ca4ebfd9475738f437b45b82","/static/css/main.131a4a2a.css.map":"5f4de16e36a771572efc7eafb694b5b1f15c38260818a5720e1577a8994cf330","/static/js/main.ac3ff0cc.js.map":"69fe9a744a08fe9d1142e504d4a7fd590b3a6fbcc63efd3c066c5830245f14dc"}}
[debug] [2022-04-18T20:32:47.972Z] <<< [apiv2][status] POST https://firebasehosting.googleapis.com/v1beta1/projects/753203311160/sites/headcount-system/versions/4c24fcc0fcf8815a:populateFiles 200
[debug] [2022-04-18T20:32:47.973Z] <<< [apiv2][body] POST https://firebasehosting.googleapis.com/v1beta1/projects/753203311160/sites/headcount-system/versions/4c24fcc0fcf8815a:populateFiles {"uploadRequiredHashes":["69fe9a744a08fe9d1142e504d4a7fd590b3a6fbcc63efd3c066c5830245f14dc","b5767638a55a42a94a374f77af84fbfae3bd3d3ca2f3d15c61ce8bb72fcad1a2","840622d5bfb010455e072e128c02b48e9a26bdeabfae7e7e4177f9680a03b2a7","d9dc8c9b25424cb9e55ee35033a71e363c927f06891963ae3c7b1a7b60b72a80","a1bafa04122bf344285f1c62dcd07fa013d14fc8ca4ebfd9475738f437b45b82","105cdf64bbf936d56b91cdb270fdd678a163dd9b7506bc98b257edad7aea1b74","8ad91079c416d02ff0cc2f2969fb6f3928a44b5ad021efecdbeb0899a8094cef","5ac185f2e936a2181b73747d23b23479729394c0fe438b6c74476ce606c6fbfe","9e8845ebfa5caef20e1e39520fd2a5efa723ff9983d48b0b481e9565ac8a0079","01b293dc7bd03ce39a53353b30dbb9c879a9662d1af796115592ec96bd4044db","4b30c915d833a62134c77874e236efb4b920f567bbf213bfb61199d2acfa8e92","a5c561d5dffdbd324b8a9bbba993fb0f1e4f6280d4ac5ff8051557251ab7f855","e6ac85133989e4f94e2377a0c3aa492402b21b5657c4eafa056ee58ee03f39d4","faae7f7e4c106c3175904a8a88fa129b30b0b8d71a4d0bd01477ef34bc538ed2","897027d6392e67f20cc023c39452d1054b7694b1def799ceb3e2658afb7baa6a","c5c7176e5486c54cd27da4ad80b0f456830670c6351f3eea9505ba3cec82d888"],"uploadUrl":"https://upload-firebasehosting.googleapis.com/upload/sites/headcount-system/versions/4c24fcc0fcf8815a/files"}
[debug] [2022-04-18T20:32:47.992Z] >>> [apiv2][query] POST https://upload-firebasehosting.googleapis.com/upload/sites/headcount-system/versions/4c24fcc0fcf8815a/files/69fe9a744a08fe9d1142e504d4a7fd590b3a6fbcc63efd3c066c5830245f14dc [none]
[debug] [2022-04-18T20:32:47.993Z] >>> [apiv2][body] POST https://upload-firebasehosting.googleapis.com/upload/sites/headcount-system/versions/4c24fcc0fcf8815a/files/69fe9a744a08fe9d1142e504d4a7fd590b3a6fbcc63efd3c066c5830245f14dc [stream]
[debug] [2022-04-18T20:32:47.999Z] >>> [apiv2][query] POST https://upload-firebasehosting.googleapis.com/upload/sites/headcount-system/versions/4c24fcc0fcf8815a/files/b5767638a55a42a94a374f77af84fbfae3bd3d3ca2f3d15c61ce8bb72fcad1a2 [none]
[debug] [2022-04-18T20:32:47.999Z] >>> [apiv2][body] POST https://upload-firebasehosting.googleapis.com/upload/sites/headcount-system/versions/4c24fcc0fcf8815a/files/b5767638a55a42a94a374f77af84fbfae3bd3d3ca2f3d15c61ce8bb72fcad1a2 [stream]
[debug] [2022-04-18T20:32:48.003Z] >>> [apiv2][query] POST https://upload-firebasehosting.googleapis.com/upload/sites/headcount-system/versions/4c24fcc0fcf8815a/files/840622d5bfb010455e072e128c02b48e9a26bdeabfae7e7e4177f9680a03b2a7 [none]
[debug] [2022-04-18T20:32:48.003Z] >>> [apiv2][body] POST https://upload-firebasehosting.googleapis.com/upload/sites/headcount-system/versions/4c24fcc0fcf8815a/files/840622d5bfb010455e072e128c02b48e9a26bdeabfae7e7e4177f9680a03b2a7 [stream]
[debug] [2022-04-18T20:32:48.006Z] >>> [apiv2][query] POST https://upload-firebasehosting.googleapis.com/upload/sites/headcount-system/versions/4c24fcc0fcf8815a/files/d9dc8c9b25424cb9e55ee35033a71e363c927f06891963ae3c7b1a7b60b72a80 [none]
[debug] [2022-04-18T20:32:48.006Z] >>> [apiv2][body] POST https://upload-firebasehosting.googleapis.com/upload/sites/headcount-system/versions/4c24fcc0fcf8815a/files/d9dc8c9b25424cb9e55ee35033a71e363c927f06891963ae3c7b1a7b60b72a80 [stream]
[debug] [2022-04-18T20:32:48.008Z] >>> [apiv2][query] POST https://upload-firebasehosting.googleapis.com/upload/sites/headcount-system/versions/4c24fcc0fcf8815a/files/a1bafa04122bf344285f1c62dcd07fa013d14fc8ca4ebfd9475738f437b45b82 [none]
[debug] [2022-04-18T20:32:48.008Z] >>> [apiv2][body] POST https://upload-firebasehosting.googleapis.com/upload/sites/headcount-system/versions/4c24fcc0fcf8815a/files/a1bafa04122bf344285f1c62dcd07fa013d14fc8ca4ebfd9475738f437b45b82 [stream]
[debug] [2022-04-18T20:32:48.010Z] >>> [apiv2][query] POST https://upload-firebasehosting.googleapis.com/upload/sites/headcount-system/versions/4c24fcc0fcf8815a/files/105cdf64bbf936d56b91cdb270fdd678a163dd9b7506bc98b257edad7aea1b74 [none]
[debug] [2022-04-18T20:32:48.010Z] >>> [apiv2][body] POST https://upload-firebasehosting.googleapis.com/upload/sites/headcount-system/versions/4c24fcc0fcf8815a/files/105cdf64bbf936d56b91cdb270fdd678a163dd9b7506bc98b257edad7aea1b74 [stream]
[debug] [2022-04-18T20:32:48.013Z] >>> [apiv2][query] POST https://upload-firebasehosting.googleapis.com/upload/sites/headcount-system/versions/4c24fcc0fcf8815a/files/8ad91079c416d02ff0cc2f2969fb6f3928a44b5ad021efecdbeb0899a8094cef [none]
[debug] [2022-04-18T20:32:48.013Z] >>> [apiv2][body] POST https://upload-firebasehosting.googleapis.com/upload/sites/headcount-system/versions/4c24fcc0fcf8815a/files/8ad91079c416d02ff0cc2f2969fb6f3928a44b5ad021efecdbeb0899a8094cef [stream]
[debug] [2022-04-18T20:32:48.014Z] >>> [apiv2][query] POST https://upload-firebasehosting.googleapis.com/upload/sites/headcount-system/versions/4c24fcc0fcf8815a/files/5ac185f2e936a2181b73747d23b23479729394c0fe438b6c74476ce606c6fbfe [none]
[debug] [2022-04-18T20:32:48.015Z] >>> [apiv2][body] POST https://upload-firebasehosting.googleapis.com/upload/sites/headcount-system/versions/4c24fcc0fcf8815a/files/5ac185f2e936a2181b73747d23b23479729394c0fe438b6c74476ce606c6fbfe [stream]
[debug] [2022-04-18T20:32:48.017Z] >>> [apiv2][query] POST https://upload-firebasehosting.googleapis.com/upload/sites/headcount-system/versions/4c24fcc0fcf8815a/files/9e8845ebfa5caef20e1e39520fd2a5efa723ff9983d48b0b481e9565ac8a0079 [none]
[debug] [2022-04-18T20:32:48.017Z] >>> [apiv2][body] POST https://upload-firebasehosting.googleapis.com/upload/sites/headcount-system/versions/4c24fcc0fcf8815a/files/9e8845ebfa5caef20e1e39520fd2a5efa723ff9983d48b0b481e9565ac8a0079 [stream]
[debug] [2022-04-18T20:32:48.018Z] >>> [apiv2][query] POST https://upload-firebasehosting.googleapis.com/upload/sites/headcount-system/versions/4c24fcc0fcf8815a/files/01b293dc7bd03ce39a53353b30dbb9c879a9662d1af796115592ec96bd4044db [none]
[debug] [2022-04-18T20:32:48.019Z] >>> [apiv2][body] POST https://upload-firebasehosting.googleapis.com/upload/sites/headcount-system/versions/4c24fcc0fcf8815a/files/01b293dc7bd03ce39a53353b30dbb9c879a9662d1af796115592ec96bd4044db [stream]
[debug] [2022-04-18T20:32:48.020Z] >>> [apiv2][query] POST https://upload-firebasehosting.googleapis.com/upload/sites/headcount-system/versions/4c24fcc0fcf8815a/files/4b30c915d833a62134c77874e236efb4b920f567bbf213bfb61199d2acfa8e92 [none]
[debug] [2022-04-18T20:32:48.021Z] >>> [apiv2][body] POST https://upload-firebasehosting.googleapis.com/upload/sites/headcount-system/versions/4c24fcc0fcf8815a/files/4b30c915d833a62134c77874e236efb4b920f567bbf213bfb61199d2acfa8e92 [stream]
[debug] [2022-04-18T20:32:48.024Z] >>> [apiv2][query] POST https://upload-firebasehosting.googleapis.com/upload/sites/headcount-system/versions/4c24fcc0fcf8815a/files/a5c561d5dffdbd324b8a9bbba993fb0f1e4f6280d4ac5ff8051557251ab7f855 [none]
[debug] [2022-04-18T20:32:48.024Z] >>> [apiv2][body] POST https://upload-firebasehosting.googleapis.com/upload/sites/headcount-system/versions/4c24fcc0fcf8815a/files/a5c561d5dffdbd324b8a9bbba993fb0f1e4f6280d4ac5ff8051557251ab7f855 [stream]
[debug] [2022-04-18T20:32:48.031Z] >>> [apiv2][query] POST https://upload-firebasehosting.googleapis.com/upload/sites/headcount-system/versions/4c24fcc0fcf8815a/files/e6ac85133989e4f94e2377a0c3aa492402b21b5657c4eafa056ee58ee03f39d4 [none]
[debug] [2022-04-18T20:32:48.031Z] >>> [apiv2][body] POST https://upload-firebasehosting.googleapis.com/upload/sites/headcount-system/versions/4c24fcc0fcf8815a/files/e6ac85133989e4f94e2377a0c3aa492402b21b5657c4eafa056ee58ee03f39d4 [stream]
[debug] [2022-04-18T20:32:48.036Z] >>> [apiv2][query] POST https://upload-firebasehosting.googleapis.com/upload/sites/headcount-system/versions/4c24fcc0fcf8815a/files/faae7f7e4c106c3175904a8a88fa129b30b0b8d71a4d0bd01477ef34bc538ed2 [none]
[debug] [2022-04-18T20:32:48.036Z] >>> [apiv2][body] POST https://upload-firebasehosting.googleapis.com/upload/sites/headcount-system/versions/4c24fcc0fcf8815a/files/faae7f7e4c106c3175904a8a88fa129b30b0b8d71a4d0bd01477ef34bc538ed2 [stream]
[debug] [2022-04-18T20:32:48.038Z] >>> [apiv2][query] POST https://upload-firebasehosting.googleapis.com/upload/sites/headcount-system/versions/4c24fcc0fcf8815a/files/897027d6392e67f20cc023c39452d1054b7694b1def799ceb3e2658afb7baa6a [none]
[debug] [2022-04-18T20:32:48.038Z] >>> [apiv2][body] POST https://upload-firebasehosting.googleapis.com/upload/sites/headcount-system/versions/4c24fcc0fcf8815a/files/897027d6392e67f20cc023c39452d1054b7694b1def799ceb3e2658afb7baa6a [stream]
[debug] [2022-04-18T20:32:48.040Z] >>> [apiv2][query] POST https://upload-firebasehosting.googleapis.com/upload/sites/headcount-system/versions/4c24fcc0fcf8815a/files/c5c7176e5486c54cd27da4ad80b0f456830670c6351f3eea9505ba3cec82d888 [none]
[debug] [2022-04-18T20:32:48.040Z] >>> [apiv2][body] POST https://upload-firebasehosting.googleapis.com/upload/sites/headcount-system/versions/4c24fcc0fcf8815a/files/c5c7176e5486c54cd27da4ad80b0f456830670c6351f3eea9505ba3cec82d888 [stream]
[debug] [2022-04-18T20:32:48.042Z] [hosting][populate queue][FINAL] {"max":2627,"min":2627,"avg":2627,"active":0,"complete":1,"success":1,"errored":0,"retried":0,"total":1,"elapsed":2677}
[debug] [2022-04-18T20:32:48.042Z] [hosting] uploads queued: 16
[debug] [2022-04-18T20:32:50.317Z] <<< [apiv2][status] POST https://upload-firebasehosting.googleapis.com/upload/sites/headcount-system/versions/4c24fcc0fcf8815a/files/a5c561d5dffdbd324b8a9bbba993fb0f1e4f6280d4ac5ff8051557251ab7f855 200
[debug] [2022-04-18T20:32:50.318Z] <<< [apiv2][body] POST https://upload-firebasehosting.googleapis.com/upload/sites/headcount-system/versions/4c24fcc0fcf8815a/files/a5c561d5dffdbd324b8a9bbba993fb0f1e4f6280d4ac5ff8051557251ab7f855 [stream]
[debug] [2022-04-18T20:32:50.324Z] <<< [apiv2][status] POST https://upload-firebasehosting.googleapis.com/upload/sites/headcount-system/versions/4c24fcc0fcf8815a/files/b5767638a55a42a94a374f77af84fbfae3bd3d3ca2f3d15c61ce8bb72fcad1a2 200
[debug] [2022-04-18T20:32:50.325Z] <<< [apiv2][body] POST https://upload-firebasehosting.googleapis.com/upload/sites/headcount-system/versions/4c24fcc0fcf8815a/files/b5767638a55a42a94a374f77af84fbfae3bd3d3ca2f3d15c61ce8bb72fcad1a2 [stream]
[debug] [2022-04-18T20:32:50.328Z] <<< [apiv2][status] POST https://upload-firebasehosting.googleapis.com/upload/sites/headcount-system/versions/4c24fcc0fcf8815a/files/d9dc8c9b25424cb9e55ee35033a71e363c927f06891963ae3c7b1a7b60b72a80 200
[debug] [2022-04-18T20:32:50.329Z] <<< [apiv2][body] POST https://upload-firebasehosting.googleapis.com/upload/sites/headcount-system/versions/4c24fcc0fcf8815a/files/d9dc8c9b25424cb9e55ee35033a71e363c927f06891963ae3c7b1a7b60b72a80 [stream]
[debug] [2022-04-18T20:32:50.334Z] <<< [apiv2][status] POST https://upload-firebasehosting.googleapis.com/upload/sites/headcount-system/versions/4c24fcc0fcf8815a/files/c5c7176e5486c54cd27da4ad80b0f456830670c6351f3eea9505ba3cec82d888 200
[debug] [2022-04-18T20:32:50.334Z] <<< [apiv2][body] POST https://upload-firebasehosting.googleapis.com/upload/sites/headcount-system/versions/4c24fcc0fcf8815a/files/c5c7176e5486c54cd27da4ad80b0f456830670c6351f3eea9505ba3cec82d888 [stream]
[debug] [2022-04-18T20:32:50.337Z] <<< [apiv2][status] POST https://upload-firebasehosting.googleapis.com/upload/sites/headcount-system/versions/4c24fcc0fcf8815a/files/897027d6392e67f20cc023c39452d1054b7694b1def799ceb3e2658afb7baa6a 200
[debug] [2022-04-18T20:32:50.337Z] <<< [apiv2][body] POST https://upload-firebasehosting.googleapis.com/upload/sites/headcount-system/versions/4c24fcc0fcf8815a/files/897027d6392e67f20cc023c39452d1054b7694b1def799ceb3e2658afb7baa6a [stream]
[debug] [2022-04-18T20:32:50.341Z] <<< [apiv2][status] POST https://upload-firebasehosting.googleapis.com/upload/sites/headcount-system/versions/4c24fcc0fcf8815a/files/faae7f7e4c106c3175904a8a88fa129b30b0b8d71a4d0bd01477ef34bc538ed2 200
[debug] [2022-04-18T20:32:50.341Z] <<< [apiv2][body] POST https://upload-firebasehosting.googleapis.com/upload/sites/headcount-system/versions/4c24fcc0fcf8815a/files/faae7f7e4c106c3175904a8a88fa129b30b0b8d71a4d0bd01477ef34bc538ed2 [stream]
[debug] [2022-04-18T20:32:50.987Z] <<< [apiv2][status] POST https://upload-firebasehosting.googleapis.com/upload/sites/headcount-system/versions/4c24fcc0fcf8815a/files/01b293dc7bd03ce39a53353b30dbb9c879a9662d1af796115592ec96bd4044db 200
[debug] [2022-04-18T20:32:50.988Z] <<< [apiv2][body] POST https://upload-firebasehosting.googleapis.com/upload/sites/headcount-system/versions/4c24fcc0fcf8815a/files/01b293dc7bd03ce39a53353b30dbb9c879a9662d1af796115592ec96bd4044db [stream]
[debug] [2022-04-18T20:32:52.146Z] <<< [apiv2][status] POST https://upload-firebasehosting.googleapis.com/upload/sites/headcount-system/versions/4c24fcc0fcf8815a/files/e6ac85133989e4f94e2377a0c3aa492402b21b5657c4eafa056ee58ee03f39d4 200
[debug] [2022-04-18T20:32:52.147Z] <<< [apiv2][body] POST https://upload-firebasehosting.googleapis.com/upload/sites/headcount-system/versions/4c24fcc0fcf8815a/files/e6ac85133989e4f94e2377a0c3aa492402b21b5657c4eafa056ee58ee03f39d4 [stream]
[debug] [2022-04-18T20:32:52.150Z] <<< [apiv2][status] POST https://upload-firebasehosting.googleapis.com/upload/sites/headcount-system/versions/4c24fcc0fcf8815a/files/9e8845ebfa5caef20e1e39520fd2a5efa723ff9983d48b0b481e9565ac8a0079 200
[debug] [2022-04-18T20:32:52.151Z] <<< [apiv2][body] POST https://upload-firebasehosting.googleapis.com/upload/sites/headcount-system/versions/4c24fcc0fcf8815a/files/9e8845ebfa5caef20e1e39520fd2a5efa723ff9983d48b0b481e9565ac8a0079 [stream]
[debug] [2022-04-18T20:32:52.153Z] <<< [apiv2][status] POST https://upload-firebasehosting.googleapis.com/upload/sites/headcount-system/versions/4c24fcc0fcf8815a/files/4b30c915d833a62134c77874e236efb4b920f567bbf213bfb61199d2acfa8e92 200
[debug] [2022-04-18T20:32:52.153Z] <<< [apiv2][body] POST https://upload-firebasehosting.googleapis.com/upload/sites/headcount-system/versions/4c24fcc0fcf8815a/files/4b30c915d833a62134c77874e236efb4b920f567bbf213bfb61199d2acfa8e92 [stream]
[debug] [2022-04-18T20:32:52.156Z] <<< [apiv2][status] POST https://upload-firebasehosting.googleapis.com/upload/sites/headcount-system/versions/4c24fcc0fcf8815a/files/8ad91079c416d02ff0cc2f2969fb6f3928a44b5ad021efecdbeb0899a8094cef 200
[debug] [2022-04-18T20:32:52.157Z] <<< [apiv2][body] POST https://upload-firebasehosting.googleapis.com/upload/sites/headcount-system/versions/4c24fcc0fcf8815a/files/8ad91079c416d02ff0cc2f2969fb6f3928a44b5ad021efecdbeb0899a8094cef [stream]
[debug] [2022-04-18T20:32:52.577Z] <<< [apiv2][status] POST https://upload-firebasehosting.googleapis.com/upload/sites/headcount-system/versions/4c24fcc0fcf8815a/files/105cdf64bbf936d56b91cdb270fdd678a163dd9b7506bc98b257edad7aea1b74 200
[debug] [2022-04-18T20:32:52.578Z] <<< [apiv2][body] POST https://upload-firebasehosting.googleapis.com/upload/sites/headcount-system/versions/4c24fcc0fcf8815a/files/105cdf64bbf936d56b91cdb270fdd678a163dd9b7506bc98b257edad7aea1b74 [stream]
[debug] [2022-04-18T20:32:54.410Z] <<< [apiv2][status] POST https://upload-firebasehosting.googleapis.com/upload/sites/headcount-system/versions/4c24fcc0fcf8815a/files/69fe9a744a08fe9d1142e504d4a7fd590b3a6fbcc63efd3c066c5830245f14dc 200
[debug] [2022-04-18T20:32:54.411Z] <<< [apiv2][body] POST https://upload-firebasehosting.googleapis.com/upload/sites/headcount-system/versions/4c24fcc0fcf8815a/files/69fe9a744a08fe9d1142e504d4a7fd590b3a6fbcc63efd3c066c5830245f14dc [stream]
[debug] [2022-04-18T20:32:54.415Z] <<< [apiv2][status] POST https://upload-firebasehosting.googleapis.com/upload/sites/headcount-system/versions/4c24fcc0fcf8815a/files/a1bafa04122bf344285f1c62dcd07fa013d14fc8ca4ebfd9475738f437b45b82 200
[debug] [2022-04-18T20:32:54.415Z] <<< [apiv2][body] POST https://upload-firebasehosting.googleapis.com/upload/sites/headcount-system/versions/4c24fcc0fcf8815a/files/a1bafa04122bf344285f1c62dcd07fa013d14fc8ca4ebfd9475738f437b45b82 [stream]
[debug] [2022-04-18T20:32:54.503Z] <<< [apiv2][status] POST https://upload-firebasehosting.googleapis.com/upload/sites/headcount-system/versions/4c24fcc0fcf8815a/files/5ac185f2e936a2181b73747d23b23479729394c0fe438b6c74476ce606c6fbfe 200
[debug] [2022-04-18T20:32:54.503Z] <<< [apiv2][body] POST https://upload-firebasehosting.googleapis.com/upload/sites/headcount-system/versions/4c24fcc0fcf8815a/files/5ac185f2e936a2181b73747d23b23479729394c0fe438b6c74476ce606c6fbfe [stream]
[debug] [2022-04-18T20:33:05.080Z] <<< [apiv2][status] POST https://upload-firebasehosting.googleapis.com/upload/sites/headcount-system/versions/4c24fcc0fcf8815a/files/840622d5bfb010455e072e128c02b48e9a26bdeabfae7e7e4177f9680a03b2a7 200
[debug] [2022-04-18T20:33:05.080Z] <<< [apiv2][body] POST https://upload-firebasehosting.googleapis.com/upload/sites/headcount-system/versions/4c24fcc0fcf8815a/files/840622d5bfb010455e072e128c02b48e9a26bdeabfae7e7e4177f9680a03b2a7 [stream]
[debug] [2022-04-18T20:33:05.081Z] [hosting][upload queue][FINAL] {"max":17101,"min":2331,"avg":4676.1875,"active":0,"complete":16,"success":16,"errored":0,"retried":0,"total":16,"elapsed":17107}
[info] +  hosting[headcount-system]: file upload complete 
[debug] [2022-04-18T20:33:05.082Z] [hosting] deploy completed after 21962ms
[debug] [2022-04-18T20:33:05.090Z] [
  {
    "config": {
      "public": "build",
      "ignore": [
        "firebase.json",
        "**/.*",
        "**/node_modules/**"
      ],
      "site": "headcount-system"
    },
    "site": "headcount-system",
    "version": "projects/753203311160/sites/headcount-system/versions/4c24fcc0fcf8815a"
  }
]
[info] i  hosting[headcount-system]: finalizing version... 
[debug] [2022-04-18T20:33:05.093Z] >>> [apiv2][query] PATCH https://firebasehosting.googleapis.com/v1beta1/projects/753203311160/sites/headcount-system/versions/4c24fcc0fcf8815a updateMask=status
[debug] [2022-04-18T20:33:05.094Z] >>> [apiv2][body] PATCH https://firebasehosting.googleapis.com/v1beta1/projects/753203311160/sites/headcount-system/versions/4c24fcc0fcf8815a {"status":"FINALIZED"}
[debug] [2022-04-18T20:33:08.487Z] <<< [apiv2][status] PATCH https://firebasehosting.googleapis.com/v1beta1/projects/753203311160/sites/headcount-system/versions/4c24fcc0fcf8815a 200
[debug] [2022-04-18T20:33:08.487Z] <<< [apiv2][body] PATCH https://firebasehosting.googleapis.com/v1beta1/projects/753203311160/sites/headcount-system/versions/4c24fcc0fcf8815a {"name":"projects/753203311160/sites/headcount-system/versions/4c24fcc0fcf8815a","status":"FINALIZED","config":{},"labels":{"deployment-tool":"cli-firebase"},"createTime":"2022-04-18T20:32:42.468645Z","createUser":{"email":"kimeramoses001@gmail.com"},"finalizeTime":"2022-04-18T20:33:08.361329Z","finalizeUser":{"email":"kimeramoses001@gmail.com"}}
[debug] [2022-04-18T20:33:08.487Z] [hosting] finalized version for headcount-system:[object Object]
[info] +  hosting[headcount-system]: version finalized 
[info] i  hosting[headcount-system]: releasing new version... 
[debug] [2022-04-18T20:33:08.492Z] >>> [apiv2][query] POST https://firebasehosting.googleapis.com/v1beta1/projects/753203311160/sites/headcount-system/releases versionName=projects%2F753203311160%2Fsites%2Fheadcount-system%2Fversions%2F4c24fcc0fcf8815a
[debug] [2022-04-18T20:33:08.492Z] >>> [apiv2][body] POST https://firebasehosting.googleapis.com/v1beta1/projects/753203311160/sites/headcount-system/releases {"message":null}
[debug] [2022-04-18T20:33:11.925Z] <<< [apiv2][status] POST https://firebasehosting.googleapis.com/v1beta1/projects/753203311160/sites/headcount-system/releases 200
[debug] [2022-04-18T20:33:11.925Z] <<< [apiv2][body] POST https://firebasehosting.googleapis.com/v1beta1/projects/753203311160/sites/headcount-system/releases {"name":"projects/753203311160/sites/headcount-system/releases/1650313990932691","version":{"name":"projects/753203311160/sites/headcount-system/versions/4c24fcc0fcf8815a","status":"FINALIZED","config":{},"labels":{"deployment-tool":"cli-firebase"},"createTime":"2022-04-18T20:32:42.468645Z","createUser":{"email":"kimeramoses001@gmail.com","imageUrl":"https://lh3.googleusercontent.com/a-/AOh14Gg9OjHTTHl1ivZo0YrY7GIibfaWUUejxKSHKT62VA"},"finalizeTime":"2022-04-18T20:33:08.361329Z","finalizeUser":{"email":"kimeramoses001@gmail.com","imageUrl":"https://lh3.googleusercontent.com/a-/AOh14Gg9OjHTTHl1ivZo0YrY7GIibfaWUUejxKSHKT62VA"}},"type":"DEPLOY","releaseTime":"2022-04-18T20:33:10.932691093Z","releaseUser":{"email":"kimeramoses001@gmail.com","imageUrl":"https://lh3.googleusercontent.com/a-/AOh14Gg9OjHTTHl1ivZo0YrY7GIibfaWUUejxKSHKT62VA"}}
[debug] [2022-04-18T20:33:11.926Z] [hosting] release: {"name":"projects/753203311160/sites/headcount-system/releases/1650313990932691","version":{"name":"projects/753203311160/sites/headcount-system/versions/4c24fcc0fcf8815a","status":"FINALIZED","config":{},"labels":{"deployment-tool":"cli-firebase"},"createTime":"2022-04-18T20:32:42.468645Z","createUser":{"email":"kimeramoses001@gmail.com","imageUrl":"https://lh3.googleusercontent.com/a-/AOh14Gg9OjHTTHl1ivZo0YrY7GIibfaWUUejxKSHKT62VA"},"finalizeTime":"2022-04-18T20:33:08.361329Z","finalizeUser":{"email":"kimeramoses001@gmail.com","imageUrl":"https://lh3.googleusercontent.com/a-/AOh14Gg9OjHTTHl1ivZo0YrY7GIibfaWUUejxKSHKT62VA"}},"type":"DEPLOY","releaseTime":"2022-04-18T20:33:10.932691093Z","releaseUser":{"email":"kimeramoses001@gmail.com","imageUrl":"https://lh3.googleusercontent.com/a-/AOh14Gg9OjHTTHl1ivZo0YrY7GIibfaWUUejxKSHKT62VA"}}
[info] +  hosting[headcount-system]: release complete 
[info] 
[info] +  Deploy complete! 
[info] 
[info] Project Console: https://console.firebase.google.com/project/headcount-system/overview
[info] Hosting URL: https://headcount-system.web.app
